<html>
<head>
<title>BHAPI build log</title>
<meta http-equiv="Content-Type" content="text/html; charset=utf-8" /></head>
<body>
<tt>
Build started on: <u>21-03-2017 at 20:37.57</u><br />
Build ended on: <u>21-03-2017 at 20:37.58</u><p />
<b>-------------- Build: default in BHAPI (compiler: LLVM Clang Compiler)---------------</b><br />
Compiling: bhapi.cpp<br />
In file included from C:\Documents and Settings\stasiek.TC12\My Documents\prc++\x86_libraries\BHAPI\bhapi.cpp:1:<br />
In file included from ./bhapi.h:38:<br />
In file included from ././src/kits/Be.h:32:<br />
In file included from src\kits/AppKit.h:32:<br />
In file included from src\kits/app/Application.h:33:<br />
In file included from src\kits/app/../app/MessageRunner.h:45:<br />
In file included from src\kits\kernel/OS.h:4:<br />
In file included from src\kits\kernel/Kernel.h:33:<br />
In file included from src\Haiku.h:6:<br />
In file included from src/HaikuConstants.h:123:<br />
<font color="#ff0000">C:\hubiC\CPP\MinGW\include\Errors.h:158:1: error: unknown type name 'DWORD'</font><br />
DWORD WINAPI AMGetErrorTextA(HRESULT,CHAR*,DWORD);<br />
^<br />
<font color="#ff0000">C:\hubiC\CPP\MinGW\include\Errors.h:158:13: error: expected ';' after top level declarator</font><br />
DWORD WINAPI AMGetErrorTextA(HRESULT,CHAR*,DWORD);<br />
            ^<br />
<font color="#ff0000">C:\hubiC\CPP\MinGW\include\Errors.h:159:1: error: unknown type name 'DWORD'</font><br />
DWORD WINAPI AMGetErrorTextW(HRESULT,WCHAR*,DWORD);<br />
^<br />
<font color="#ff0000">C:\hubiC\CPP\MinGW\include\Errors.h:159:13: error: expected ';' after top level declarator</font><br />
DWORD WINAPI AMGetErrorTextW(HRESULT,WCHAR*,DWORD);<br />
            ^<br />
In file included from C:\Documents and Settings\stasiek.TC12\My Documents\prc++\x86_libraries\BHAPI\bhapi.cpp:1:<br />
In file included from ./bhapi.h:38:<br />
In file included from ././src/kits/Be.h:32:<br />
In file included from src\kits/AppKit.h:32:<br />
In file included from src\kits/app/Application.h:33:<br />
In file included from src\kits/app/../app/MessageRunner.h:45:<br />
In file included from src\kits\kernel/OS.h:4:<br />
In file included from src\kits\kernel/Kernel.h:33:<br />
In file included from src\Haiku.h:7:<br />
<font color="#ff0000">src/HaikuDefs.h:176:13: fatal error: '../include/sys/cdefs.h' file not found</font><br />
#   include &lt;../include/sys/cdefs.h&gt;<br />
            ^<br />
5 errors generated.<br />
<font color="#a00000">Process terminated with status 1 (0 minute(s), 0 second(s))</font><br />
<font color="#a00000">1 error(s), 0 warning(s) (0 minute(s), 0 second(s))</font><br />
</tt>
</body>
</html>
